<?xml version="1.0" encoding="UTF-8"?>
<!-- Generated by org.testng.reporters.JUnitReportReporter -->
<testsuite hostname="DESKTOP-HJKVDME" failures="0" tests="1" name="testing.OpenBrowser" time="6.655" errors="0" timestamp="2022-10-18T22:45:43 IST" skipped="0">
  <testcase classname="testing.OpenBrowser" name="OpenBrowserurl" time="6.655"/>
  <system-out/>
</testsuite> <!-- testing.OpenBrowser -->
